This is pdfTeX, Version 3.141592653-2.6-1.40.24 (MiKTeX 22.1) (preloaded format=pdflatex 2023.9.22)  11 NOV 2024 21:14
entering extended mode
 restricted \write18 enabled.
 file:line:error style messages enabled.
 %&-line parsing enabled.
**./main.tex
(main.tex
LaTeX2e <2023-06-01> patch level 1
L3 programming layer <2023-08-29>
(/Library/Application Support/MiKTeX/texmfs/install/tex/latex/base/book.cls
Document Class: book 2023/05/17 v1.4n Standard LaTeX document class
(/Library/Application Support/MiKTeX/texmfs/install/tex/latex/base/bk11.clo
File: bk11.clo 2023/05/17 v1.4n Standard LaTeX file (size option)
)
\c@part=\count185
\c@chapter=\count186
\c@section=\count187
\c@subsection=\count188
\c@subsubsection=\count189
\c@paragraph=\count190
\c@subparagraph=\count191
\c@figure=\count192
\c@table=\count193
\abovecaptionskip=\skip48
\belowcaptionskip=\skip49
\bibindent=\dimen140
)
(/Library/Application Support/MiKTeX/texmfs/install/tex/latex/amsfonts/amsfonts
.sty
Package: amsfonts 2013/01/14 v3.01 Basic AMSFonts support
\@emptytoks=\toks17
\symAMSa=\mathgroup4
\symAMSb=\mathgroup5
LaTeX Font Info:    Redeclaring math symbol \hbar on input line 98.
LaTeX Font Info:    Overwriting math alphabet `\mathfrak' in version `bold'
(Font)                  U/euf/m/n --> U/euf/b/n on input line 106.
)
(/Library/Application Support/MiKTeX/texmfs/install/tex/latex/amsmath/amsmath.s
ty
Package: amsmath 2023/05/13 v2.17o AMS math features
\@mathmargin=\skip50

For additional information on amsmath, use the `?' option.

(/Library/Application Support/MiKTeX/texmfs/install/tex/latex/amsmath/amstext.s
ty
Package: amstext 2021/08/26 v2.01 AMS text

(/Library/Application Support/MiKTeX/texmfs/install/tex/latex/amsmath/amsgen.st
y
File: amsgen.sty 1999/11/30 v2.0 generic functions
\@emptytoks=\toks18
\ex@=\dimen141
))
(/Library/Application Support/MiKTeX/texmfs/install/tex/latex/amsmath/amsbsy.st
y
Package: amsbsy 1999/11/29 v1.2d Bold Symbols
\pmbraise@=\dimen142
)
(/Library/Application Support/MiKTeX/texmfs/install/tex/latex/amsmath/amsopn.st
y
Package: amsopn 2022/04/08 v2.04 operator names
)
\inf@bad=\count194
LaTeX Info: Redefining \frac on input line 234.
\uproot@=\count195
\leftroot@=\count196
LaTeX Info: Redefining \overline on input line 399.
LaTeX Info: Redefining \colon on input line 410.
\classnum@=\count197
\DOTSCASE@=\count198
LaTeX Info: Redefining \ldots on input line 496.
LaTeX Info: Redefining \dots on input line 499.
LaTeX Info: Redefining \cdots on input line 620.
\Mathstrutbox@=\box51
\strutbox@=\box52
LaTeX Info: Redefining \big on input line 722.
LaTeX Info: Redefining \Big on input line 723.
LaTeX Info: Redefining \bigg on input line 724.
LaTeX Info: Redefining \Bigg on input line 725.
\big@size=\dimen143
LaTeX Font Info:    Redeclaring font encoding OML on input line 743.
LaTeX Font Info:    Redeclaring font encoding OMS on input line 744.
\macc@depth=\count199
LaTeX Info: Redefining \bmod on input line 905.
LaTeX Info: Redefining \pmod on input line 910.
LaTeX Info: Redefining \smash on input line 940.
LaTeX Info: Redefining \relbar on input line 970.
LaTeX Info: Redefining \Relbar on input line 971.
\c@MaxMatrixCols=\count266
\dotsspace@=\muskip16
\c@parentequation=\count267
\dspbrk@lvl=\count268
\tag@help=\toks19
\row@=\count269
\column@=\count270
\maxfields@=\count271
\andhelp@=\toks20
\eqnshift@=\dimen144
\alignsep@=\dimen145
\tagshift@=\dimen146
\tagwidth@=\dimen147
\totwidth@=\dimen148
\lineht@=\dimen149
\@envbody=\toks21
\multlinegap=\skip51
\multlinetaggap=\skip52
\mathdisplay@stack=\toks22
LaTeX Info: Redefining \[ on input line 2953.
LaTeX Info: Redefining \] on input line 2954.
)
(/Library/Application Support/MiKTeX/texmfs/install/tex/latex/amsfonts/amssymb.
sty
Package: amssymb 2013/01/14 v3.01 AMS font symbols
)
(/Users/fabgarsan/Library/Application Support/MiKTeX/texmfs/install/tex/latex/p
snfss/times.sty
Package: times 2020/03/25 PSNFSS-v9.3 (SPQR) 
)
(/Library/Application Support/MiKTeX/texmfs/install/tex/latex/tools/multicol.st
y
Package: multicol 2023/03/30 v1.9f multicolumn formatting (FMi)
\c@tracingmulticols=\count272
\mult@box=\box53
\multicol@leftmargin=\dimen150
\c@unbalance=\count273
\c@collectmore=\count274
\doublecol@number=\count275
\multicoltolerance=\count276
\multicolpretolerance=\count277
\full@width=\dimen151
\page@free=\dimen152
\premulticols=\dimen153
\postmulticols=\dimen154
\multicolsep=\skip53
\multicolbaselineskip=\skip54
\partial@page=\box54
\last@line=\box55
\mc@boxedresult=\box56
\maxbalancingoverflow=\dimen155
\mult@rightbox=\box57
\mult@grightbox=\box58
\mult@firstbox=\box59
\mult@gfirstbox=\box60
\@tempa=\box61
\@tempa=\box62
\@tempa=\box63
\@tempa=\box64
\@tempa=\box65
\@tempa=\box66
\@tempa=\box67
\@tempa=\box68
\@tempa=\box69
\@tempa=\box70
\@tempa=\box71
\@tempa=\box72
\@tempa=\box73
\@tempa=\box74
\@tempa=\box75
\@tempa=\box76
\@tempa=\box77
\@tempa=\box78
\@tempa=\box79
\@tempa=\box80
\@tempa=\box81
\@tempa=\box82
\@tempa=\box83
\@tempa=\box84
\@tempa=\box85
\@tempa=\box86
\@tempa=\box87
\@tempa=\box88
\@tempa=\box89
\@tempa=\box90
\@tempa=\box91
\@tempa=\box92
\@tempa=\box93
\@tempa=\box94
\@tempa=\box95
\@tempa=\box96
\c@minrows=\count278
\c@columnbadness=\count279
\c@finalcolumnbadness=\count280
\last@try=\dimen156
\multicolovershoot=\dimen157
\multicolundershoot=\dimen158
\mult@nat@firstbox=\box97
\colbreak@box=\box98
\mc@col@check@num=\count281
)
(/Library/Application Support/MiKTeX/texmfs/install/tex/latex/hyperref/hyperref
.sty
Package: hyperref 2023-07-08 v7.01b Hypertext links for LaTeX

(/Users/fabgarsan/Library/Application Support/MiKTeX/texmfs/install/tex/generic
/ltxcmds/ltxcmds.sty
Package: ltxcmds 2020-05-10 v1.25 LaTeX kernel commands for general use (HO)
)
(/Library/Application Support/MiKTeX/texmfs/install/tex/generic/iftex/iftex.sty
Package: iftex 2022/02/03 v1.0f TeX engine tests
)
(/Library/Application Support/MiKTeX/texmfs/install/tex/generic/pdftexcmds/pdft
excmds.sty
Package: pdftexcmds 2020-06-27 v0.33 Utility functions of pdfTeX for LuaTeX (HO
)

(/Users/fabgarsan/Library/Application Support/MiKTeX/texmfs/install/tex/generic
/infwarerr/infwarerr.sty
Package: infwarerr 2019/12/03 v1.5 Providing info/warning/error messages (HO)
)
Package pdftexcmds Info: \pdf@primitive is available.
Package pdftexcmds Info: \pdf@ifprimitive is available.
Package pdftexcmds Info: \pdfdraftmode found.
)
(/Library/Application Support/MiKTeX/texmfs/install/tex/latex/graphics/keyval.s
ty
Package: keyval 2022/05/29 v1.15 key=value parser (DPC)
\KV@toks@=\toks23
)
(/Users/fabgarsan/Library/Application Support/MiKTeX/texmfs/install/tex/latex/k
vsetkeys/kvsetkeys.sty
Package: kvsetkeys 2022-10-05 v1.19 Key value parser (HO)
)
(/Users/fabgarsan/Library/Application Support/MiKTeX/texmfs/install/tex/generic
/kvdefinekeys/kvdefinekeys.sty
Package: kvdefinekeys 2019-12-19 v1.6 Define keys (HO)
)
(/Users/fabgarsan/Library/Application Support/MiKTeX/texmfs/install/tex/generic
/pdfescape/pdfescape.sty
Package: pdfescape 2019/12/09 v1.15 Implements pdfTeX's escape features (HO)
)
(/Users/fabgarsan/Library/Application Support/MiKTeX/texmfs/install/tex/latex/h
ycolor/hycolor.sty
Package: hycolor 2020-01-27 v1.10 Color options for hyperref/bookmark (HO)
)
(/Users/fabgarsan/Library/Application Support/MiKTeX/texmfs/install/tex/latex/l
etltxmacro/letltxmacro.sty
Package: letltxmacro 2019/12/03 v1.6 Let assignment for LaTeX macros (HO)
)
(/Users/fabgarsan/Library/Application Support/MiKTeX/texmfs/install/tex/latex/a
uxhook/auxhook.sty
Package: auxhook 2019-12-17 v1.6 Hooks for auxiliary files (HO)
)
(/Library/Application Support/MiKTeX/texmfs/install/tex/latex/hyperref/nameref.
sty
Package: nameref 2023-08-07 v2.53 Cross-referencing by name of section

(/Users/fabgarsan/Library/Application Support/MiKTeX/texmfs/install/tex/latex/r
efcount/refcount.sty
Package: refcount 2019/12/15 v3.6 Data extraction from label references (HO)
)
(/Users/fabgarsan/Library/Application Support/MiKTeX/texmfs/install/tex/generic
/gettitlestring/gettitlestring.sty
Package: gettitlestring 2019/12/15 v1.6 Cleanup title references (HO)

(/Users/fabgarsan/Library/Application Support/MiKTeX/texmfs/install/tex/latex/k
voptions/kvoptions.sty
Package: kvoptions 2022-06-15 v3.15 Key value format for package options (HO)
))
\c@section@level=\count282
)
(/Library/Application Support/MiKTeX/texmfs/install/tex/latex/etoolbox/etoolbox
.sty
Package: etoolbox 2020/10/05 v2.5k e-TeX tools for LaTeX (JAW)
\etb@tempcnta=\count283
)
\@linkdim=\dimen159
\Hy@linkcounter=\count284
\Hy@pagecounter=\count285

(/Library/Application Support/MiKTeX/texmfs/install/tex/latex/hyperref/pd1enc.d
ef
File: pd1enc.def 2023-07-08 v7.01b Hyperref: PDFDocEncoding definition (HO)
Now handling font encoding PD1 ...
... no UTF-8 mapping file for font encoding PD1
)
(/Users/fabgarsan/Library/Application Support/MiKTeX/texmfs/install/tex/generic
/intcalc/intcalc.sty
Package: intcalc 2019/12/15 v1.3 Expandable calculations with integers (HO)
)
\Hy@SavedSpaceFactor=\count286

(/Library/Application Support/MiKTeX/texmfs/install/tex/latex/hyperref/puenc.de
f
File: puenc.def 2023-07-08 v7.01b Hyperref: PDF Unicode definition (HO)
Now handling font encoding PU ...
... no UTF-8 mapping file for font encoding PU
)
Package hyperref Info: Option `colorlinks' set `true' on input line 4050.
Package hyperref Info: Hyper figures OFF on input line 4167.
Package hyperref Info: Link nesting OFF on input line 4172.
Package hyperref Info: Hyper index ON on input line 4175.
Package hyperref Info: Plain pages OFF on input line 4182.
Package hyperref Info: Backreferencing OFF on input line 4187.
Package hyperref Info: Implicit mode ON; LaTeX internals redefined.
Package hyperref Info: Bookmarks ON on input line 4434.
\c@Hy@tempcnt=\count287
 (/Library/Application Support/MiKTeX/texmfs/install/tex/latex/url/url.sty
\Urlmuskip=\muskip17
Package: url 2013/09/16  ver 3.4  Verb mode for urls, etc.
)
LaTeX Info: Redefining \url on input line 4772.
\XeTeXLinkMargin=\dimen160

(/Users/fabgarsan/Library/Application Support/MiKTeX/texmfs/install/tex/generic
/bitset/bitset.sty
Package: bitset 2019/12/09 v1.3 Handle bit-vector datatype (HO)

(/Users/fabgarsan/Library/Application Support/MiKTeX/texmfs/install/tex/generic
/bigintcalc/bigintcalc.sty
Package: bigintcalc 2019/12/15 v1.5 Expandable calculations on big integers (HO
)
))
\Fld@menulength=\count288
\Field@Width=\dimen161
\Fld@charsize=\dimen162
Package hyperref Info: Hyper figures OFF on input line 6051.
Package hyperref Info: Link nesting OFF on input line 6056.
Package hyperref Info: Hyper index ON on input line 6059.
Package hyperref Info: backreferencing OFF on input line 6066.
Package hyperref Info: Link coloring ON on input line 6069.
Package hyperref Info: Link coloring with OCG OFF on input line 6076.
Package hyperref Info: PDF/A mode OFF on input line 6081.

(/Library/Application Support/MiKTeX/texmfs/install/tex/latex/base/atbegshi-ltx
.sty
Package: atbegshi-ltx 2021/01/10 v1.0c Emulation of the original atbegshi
package with kernel methods
)
\Hy@abspage=\count289
\c@Item=\count290
\c@Hfootnote=\count291
)
Package hyperref Info: Driver (autodetected): hpdftex.

(/Library/Application Support/MiKTeX/texmfs/install/tex/latex/hyperref/hpdftex.
def
File: hpdftex.def 2023-07-08 v7.01b Hyperref driver for pdfTeX

(/Library/Application Support/MiKTeX/texmfs/install/tex/latex/base/atveryend-lt
x.sty
Package: atveryend-ltx 2020/08/19 v1.0a Emulation of the original atveryend pac
kage
with kernel methods
)
\Fld@listcount=\count292
\c@bookmark@seq@number=\count293

(/Users/fabgarsan/Library/Application Support/MiKTeX/texmfs/install/tex/latex/r
erunfilecheck/rerunfilecheck.sty
Package: rerunfilecheck 2022-07-10 v1.10 Rerun checks for auxiliary files (HO)

(/Users/fabgarsan/Library/Application Support/MiKTeX/texmfs/install/tex/generic
/uniquecounter/uniquecounter.sty
Package: uniquecounter 2019/12/15 v1.4 Provide unlimited unique counter (HO)
)
Package uniquecounter Info: New unique counter `rerunfilecheck' on input line 2
85.
)
\Hy@SectionHShift=\skip55
)
(/Library/Application Support/MiKTeX/texmfs/install/tex/latex/biblatex/biblatex
.sty
Package: biblatex 2023/03/05 v3.19 programmable bibliographies (PK/MW)

(/Users/fabgarsan/Library/Application Support/MiKTeX/texmfs/install/tex/latex/l
ogreq/logreq.sty
Package: logreq 2010/08/04 v1.0 xml request logger
\lrq@indent=\count294

(/Users/fabgarsan/Library/Application Support/MiKTeX/texmfs/install/tex/latex/l
ogreq/logreq.def
File: logreq.def 2010/08/04 v1.0 logreq spec v1.0
))
(/Library/Application Support/MiKTeX/texmfs/install/tex/latex/base/ifthen.sty
Package: ifthen 2022/04/13 v1.1d Standard LaTeX ifthen package (DPC)
)
\c@tabx@nest=\count295
\c@listtotal=\count296
\c@listcount=\count297
\c@liststart=\count298
\c@liststop=\count299
\c@citecount=\count300
\c@citetotal=\count301
\c@multicitecount=\count302
\c@multicitetotal=\count303
\c@instcount=\count304
\c@maxnames=\count305
\c@minnames=\count306
\c@maxitems=\count307
\c@minitems=\count308
\c@citecounter=\count309
\c@maxcitecounter=\count310
\c@savedcitecounter=\count311
\c@uniquelist=\count312
\c@uniquename=\count313
\c@refsection=\count314
\c@refsegment=\count315
\c@maxextratitle=\count316
\c@maxextratitleyear=\count317
\c@maxextraname=\count318
\c@maxextradate=\count319
\c@maxextraalpha=\count320
\c@abbrvpenalty=\count321
\c@highnamepenalty=\count322
\c@lownamepenalty=\count323
\c@maxparens=\count324
\c@parenlevel=\count325
\blx@tempcnta=\count326
\blx@tempcntb=\count327
\blx@tempcntc=\count328
\c@blx@maxsection=\count329
\blx@maxsegment@0=\count330
\blx@notetype=\count331
\blx@parenlevel@text=\count332
\blx@parenlevel@foot=\count333
\blx@sectionciteorder@0=\count334
\blx@sectionciteorderinternal@0=\count335
\blx@entrysetcounter=\count336
\blx@biblioinstance=\count337
\labelnumberwidth=\skip56
\labelalphawidth=\skip57
\biblabelsep=\skip58
\bibitemsep=\skip59
\bibnamesep=\skip60
\bibinitsep=\skip61
\bibparsep=\skip62
\bibhang=\skip63
\blx@bcfin=\read2
\blx@bcfout=\write3
\blx@langwohyphens=\language79
\c@mincomprange=\count338
\c@maxcomprange=\count339
\c@mincompwidth=\count340
Package biblatex Info: Trying to load biblatex default data model...
Package biblatex Info: ... file 'blx-dm.def' found.

(/Library/Application Support/MiKTeX/texmfs/install/tex/latex/biblatex/blx-dm.d
ef
File: blx-dm.def 2023/03/05 v3.19 biblatex localization (PK/MW)
)
Package biblatex Info: Trying to load biblatex custom data model...
Package biblatex Info: ... file 'biblatex-dm.cfg' not found.
\c@afterword=\count341
\c@savedafterword=\count342
\c@annotator=\count343
\c@savedannotator=\count344
\c@author=\count345
\c@savedauthor=\count346
\c@bookauthor=\count347
\c@savedbookauthor=\count348
\c@commentator=\count349
\c@savedcommentator=\count350
\c@editor=\count351
\c@savededitor=\count352
\c@editora=\count353
\c@savededitora=\count354
\c@editorb=\count355
\c@savededitorb=\count356
\c@editorc=\count357
\c@savededitorc=\count358
\c@foreword=\count359
\c@savedforeword=\count360
\c@holder=\count361
\c@savedholder=\count362
\c@introduction=\count363
\c@savedintroduction=\count364
\c@namea=\count365
\c@savednamea=\count366
\c@nameb=\count367
\c@savednameb=\count368
\c@namec=\count369
\c@savednamec=\count370
\c@translator=\count371
\c@savedtranslator=\count372
\c@shortauthor=\count373
\c@savedshortauthor=\count374
\c@shorteditor=\count375
\c@savedshorteditor=\count376
\c@labelname=\count377
\c@savedlabelname=\count378
\c@institution=\count379
\c@savedinstitution=\count380
\c@lista=\count381
\c@savedlista=\count382
\c@listb=\count383
\c@savedlistb=\count384
\c@listc=\count385
\c@savedlistc=\count386
\c@listd=\count387
\c@savedlistd=\count388
\c@liste=\count389
\c@savedliste=\count390
\c@listf=\count391
\c@savedlistf=\count392
\c@location=\count393
\c@savedlocation=\count394
\c@organization=\count395
\c@savedorganization=\count396
\c@origlocation=\count397
\c@savedoriglocation=\count398
\c@origpublisher=\count399
\c@savedorigpublisher=\count400
\c@publisher=\count401
\c@savedpublisher=\count402
\c@language=\count403
\c@savedlanguage=\count404
\c@origlanguage=\count405
\c@savedoriglanguage=\count406
\c@pageref=\count407
\c@savedpageref=\count408
\shorthandwidth=\skip64
\shortjournalwidth=\skip65
\shortserieswidth=\skip66
\shorttitlewidth=\skip67
\shortauthorwidth=\skip68
\shorteditorwidth=\skip69
\locallabelnumberwidth=\skip70
\locallabelalphawidth=\skip71
\localshorthandwidth=\skip72
\localshortjournalwidth=\skip73
\localshortserieswidth=\skip74
\localshorttitlewidth=\skip75
\localshortauthorwidth=\skip76
\localshorteditorwidth=\skip77
Package biblatex Info: Trying to load compatibility code...
Package biblatex Info: ... file 'blx-compat.def' found.

(/Library/Application Support/MiKTeX/texmfs/install/tex/latex/biblatex/blx-comp
at.def
File: blx-compat.def 2023/03/05 v3.19 biblatex compatibility (PK/MW)
)
Package biblatex Info: Trying to load generic definitions...
Package biblatex Info: ... file 'biblatex.def' found.

(/Library/Application Support/MiKTeX/texmfs/install/tex/latex/biblatex/biblatex
.def
File: biblatex.def 2023/03/05 v3.19 biblatex compatibility (PK/MW)
\c@textcitecount=\count409
\c@textcitetotal=\count410
\c@textcitemaxnames=\count411
\c@biburlbigbreakpenalty=\count412
\c@biburlbreakpenalty=\count413
\c@biburlnumpenalty=\count414
\c@biburlucpenalty=\count415
\c@biburllcpenalty=\count416
\biburlbigskip=\muskip18
\biburlnumskip=\muskip19
\biburlucskip=\muskip20
\biburllcskip=\muskip21
\c@smartand=\count417
)
Package biblatex Info: Trying to load bibliography style 'numeric'...
Package biblatex Info: ... file 'numeric.bbx' found.

(/Library/Application Support/MiKTeX/texmfs/install/tex/latex/biblatex/bbx/nume
ric.bbx
File: numeric.bbx 2023/03/05 v3.19 biblatex bibliography style (PK/MW)
Package biblatex Info: Trying to load bibliography style 'standard'...
Package biblatex Info: ... file 'standard.bbx' found.

(/Library/Application Support/MiKTeX/texmfs/install/tex/latex/biblatex/bbx/stan
dard.bbx
File: standard.bbx 2023/03/05 v3.19 biblatex bibliography style (PK/MW)
\c@bbx:relatedcount=\count418
\c@bbx:relatedtotal=\count419
))
Package biblatex Info: Trying to load citation style 'numeric'...
Package biblatex Info: ... file 'numeric.cbx' found.

(/Library/Application Support/MiKTeX/texmfs/install/tex/latex/biblatex/cbx/nume
ric.cbx
File: numeric.cbx 2023/03/05 v3.19 biblatex citation style (PK/MW)
Package biblatex Info: Redefining '\cite'.
Package biblatex Info: Redefining '\parencite'.
Package biblatex Info: Redefining '\footcite'.
Package biblatex Info: Redefining '\footcitetext'.
Package biblatex Info: Redefining '\smartcite'.
Package biblatex Info: Redefining '\supercite'.
Package biblatex Info: Redefining '\textcite'.
Package biblatex Info: Redefining '\textcites'.
Package biblatex Info: Redefining '\cites'.
Package biblatex Info: Redefining '\parencites'.
Package biblatex Info: Redefining '\smartcites'.
)
Package biblatex Info: Trying to load configuration file...
Package biblatex Info: ... file 'biblatex.cfg' found.

(/Library/Application Support/MiKTeX/texmfs/install/tex/latex/biblatex/biblatex
.cfg
File: biblatex.cfg 
)
Package biblatex Info: Input encoding 'utf8' detected.
Package biblatex Info: Document encoding is UTF8 ....

(/Library/Application Support/MiKTeX/texmfs/install/tex/latex/l3kernel/expl3.st
y
Package: expl3 2023-08-29 L3 programming layer (loader) 

(/Library/Application Support/MiKTeX/texmfs/install/tex/latex/l3backend/l3backe
nd-pdftex.def
File: l3backend-pdftex.def 2023-04-19 L3 backend support: PDF output (pdfTeX)
\l__color_backend_stack_int=\count420
\l__pdf_internal_box=\box99
))
Package biblatex Info: ... and expl3
(biblatex)             2023-08-29 L3 programming layer (loader) 
(biblatex)             is new enough (at least 2020/04/06),
(biblatex)             setting 'casechanger=expl3'.

(/Library/Application Support/MiKTeX/texmfs/install/tex/latex/biblatex/blx-case
-expl3.sty
(/Library/Application Support/MiKTeX/texmfs/install/tex/latex/l3packages/xparse
/xparse.sty
Package: xparse 2023-08-29 L3 Experimental document command parser
)
Package: blx-case-expl3 2023/03/05 v3.19 expl3 case changing code for biblatex
))
(/Users/fabgarsan/Library/Application Support/MiKTeX/texmfs/install/tex/latex/f
loat/float.sty
Package: float 2001/11/08 v1.3d Float enhancements (AL)
\c@float@type=\count421
\float@exts=\toks24
\float@box=\box100
\@float@everytoks=\toks25
\@floatcapt=\box101
)
(/Library/Application Support/MiKTeX/texmfs/install/tex/latex/graphics/graphicx
.sty
Package: graphicx 2021/09/16 v1.2d Enhanced LaTeX Graphics (DPC,SPQR)

(/Library/Application Support/MiKTeX/texmfs/install/tex/latex/graphics/graphics
.sty
Package: graphics 2022/03/10 v1.4e Standard LaTeX Graphics (DPC,SPQR)

(/Library/Application Support/MiKTeX/texmfs/install/tex/latex/graphics/trig.sty
Package: trig 2021/08/11 v1.11 sin cos tan (DPC)
)
(/Library/Application Support/MiKTeX/texmfs/install/tex/latex/graphics-cfg/grap
hics.cfg
File: graphics.cfg 2016/06/04 v1.11 sample graphics configuration
)
Package graphics Info: Driver file: pdftex.def on input line 107.

(/Library/Application Support/MiKTeX/texmfs/install/tex/latex/graphics-def/pdft
ex.def
File: pdftex.def 2022/09/22 v1.2b Graphics/color driver for pdftex
))
\Gin@req@height=\dimen163
\Gin@req@width=\dimen164
)
\@quotelevel=\count422
\@quotereset=\count423
LaTeX Font Info:    Trying to load font information for OT1+ptm on input line 3
4.

(/Users/fabgarsan/Library/Application Support/MiKTeX/texmfs/install/tex/latex/p
snfss/ot1ptm.fd
File: ot1ptm.fd 2001/06/04 font definitions for OT1/ptm.
)
(/Users/fabgarsan/UOA/third_semester/Dissertation/python_modeling/auxil/main.au
x)
\openout1 = `main.aux'.

LaTeX Font Info:    Checking defaults for OML/cmm/m/it on input line 34.
LaTeX Font Info:    ... okay on input line 34.
LaTeX Font Info:    Checking defaults for OMS/cmsy/m/n on input line 34.
LaTeX Font Info:    ... okay on input line 34.
LaTeX Font Info:    Checking defaults for OT1/cmr/m/n on input line 34.
LaTeX Font Info:    ... okay on input line 34.
LaTeX Font Info:    Checking defaults for T1/cmr/m/n on input line 34.
LaTeX Font Info:    ... okay on input line 34.
LaTeX Font Info:    Checking defaults for TS1/cmr/m/n on input line 34.
LaTeX Font Info:    ... okay on input line 34.
LaTeX Font Info:    Checking defaults for OMX/cmex/m/n on input line 34.
LaTeX Font Info:    ... okay on input line 34.
LaTeX Font Info:    Checking defaults for U/cmr/m/n on input line 34.
LaTeX Font Info:    ... okay on input line 34.
LaTeX Font Info:    Checking defaults for PD1/pdf/m/n on input line 34.
LaTeX Font Info:    ... okay on input line 34.
LaTeX Font Info:    Checking defaults for PU/pdf/m/n on input line 34.
LaTeX Font Info:    ... okay on input line 34.

(/Library/Application Support/MiKTeX/texmfs/install/tex/latex/graphics/color.st
y
Package: color 2022/01/06 v1.3d Standard LaTeX Color (DPC)

(/Library/Application Support/MiKTeX/texmfs/install/tex/latex/graphics-cfg/colo
r.cfg
File: color.cfg 2016/01/02 v1.6 sample color configuration
)
Package color Info: Driver file: pdftex.def on input line 149.

(/Library/Application Support/MiKTeX/texmfs/install/tex/latex/graphics/mathcolo
r.ltx))
Package hyperref Info: Link coloring ON on input line 34.

(/Users/fabgarsan/UOA/third_semester/Dissertation/python_modeling/auxil/main.ou
t)
(/Users/fabgarsan/UOA/third_semester/Dissertation/python_modeling/auxil/main.ou
t)
\@outlinefile=\write4
\openout4 = `main.out'.

Package biblatex Info: Trying to load language 'english'...
Package biblatex Info: ... file 'english.lbx' found.

(/Library/Application Support/MiKTeX/texmfs/install/tex/latex/biblatex/lbx/engl
ish.lbx
File: english.lbx 2023/03/05 v3.19 biblatex localization (PK/MW)
)
Package biblatex Info: Input encoding 'utf8' detected.
Package biblatex Info: Automatic encoding selection.
(biblatex)             Assuming data encoding 'utf8'.
\openout3 = `main.bcf'.

Package biblatex Info: Trying to load bibliographic data...
Package biblatex Info: ... file 'main.bbl' found.

(/Users/fabgarsan/UOA/third_semester/Dissertation/python_modeling/auxil/main.bb
l)
Package biblatex Info: Reference section=0 on input line 34.
Package biblatex Info: Reference segment=0 on input line 34.

(/Library/Application Support/MiKTeX/texmfs/install/tex/context/base/mkii/supp-
pdf.mkii
[Loading MPS to PDF converter (version 2006.09.02).]
\scratchcounter=\count424
\scratchdimen=\dimen165
\scratchbox=\box102
\nofMPsegments=\count425
\nofMParguments=\count426
\everyMPshowfont=\toks26
\MPscratchCnt=\count427
\MPscratchDim=\dimen166
\MPnumerator=\count428
\makeMPintoPDFobject=\count429
\everyMPtoPDFconversion=\toks27
)
(/Library/Application Support/MiKTeX/texmfs/install/tex/latex/epstopdf-pkg/epst
opdf-base.sty
Package: epstopdf-base 2020-01-24 v2.11 Base part for package epstopdf
Package epstopdf-base Info: Redefining graphics rule for `.eps' on input line 4
85.

(/Library/Application Support/MiKTeX/texmfs/install/tex/latex/00miktex/epstopdf
-sys.cfg
File: epstopdf-sys.cfg 2021/03/18 v2.0 Configuration of epstopdf for MiKTeX
))
<images/logo.jpg, id=267, 202.94pt x 229.95pt>
File: images/logo.jpg Graphic file (type jpg)
<use images/logo.jpg>
Package pdftex.def Info: images/logo.jpg  used on input line 46.
(pdftex.def)             Requested size: 56.9055pt x 64.47678pt.
 (abstract.tex [1

{/Users/fabgarsan/Library/Application Support/MiKTeX/texmfs/data/fonts/map/pdft
ex/pdftex.map} <./images/logo.jpg>]

abstract.tex:9: LaTeX Error: Environment abstract undefined.

See the LaTeX manual or LaTeX Companion for explanation.
Type  H <return>  for immediate help.
 ...                                              
                                                  
l.9 ^^I\begin{abstract}
                       
Your command was ignored.
Type  I <command> <return>  to replace it with another command,
or  <return>  to continue without it.


abstract.tex:29: LaTeX Error: \begin{document} ended by \end{abstract}.

See the LaTeX manual or LaTeX Companion for explanation.
Type  H <return>  for immediate help.
 ...                                              
                                                  
l.29 ^^I\end{abstract}
                      
Your command was ignored.
Type  I <command> <return>  to replace it with another command,
or  <return>  to continue without it.

) (acknowledgment.tex
pdfTeX warning (ext4): destination with the same identifier (name{page.1}) has 
been already used, duplicate ignored
<to be read again> 
                   \relax 
l.1 \chapter
            *{Acknowledgment} [1

])
Underfull \hbox (badness 10000) in paragraph at lines 3--78

 []


Underfull \hbox (badness 10000) in paragraph at lines 3--78

 []


Underfull \hbox (badness 10000) in paragraph at lines 3--78

 []


Underfull \hbox (badness 10000) in paragraph at lines 3--78

 []


Underfull \hbox (badness 10000) in paragraph at lines 3--78

 []

[2

]
(/Users/fabgarsan/UOA/third_semester/Dissertation/python_modeling/auxil/main.to
c
LaTeX Font Info:    Trying to load font information for U+msa on input line 3.

(/Library/Application Support/MiKTeX/texmfs/install/tex/latex/amsfonts/umsa.fd
File: umsa.fd 2013/01/14 v3.01 AMS symbols A
)
LaTeX Font Info:    Trying to load font information for U+msb on input line 3.
(/Library/Application Support/MiKTeX/texmfs/install/tex/latex/amsfonts/umsb.fd
File: umsb.fd 2013/01/14 v3.01 AMS symbols B
) [3

] [4])
\tf@toc=\write5
\openout5 = `main.toc'.

 (introduction.tex [5]
Chapter 1.

Underfull \hbox (badness 10000) in paragraph at lines 2--39

 []


Underfull \hbox (badness 10000) in paragraph at lines 2--39

 []


Underfull \hbox (badness 10000) in paragraph at lines 2--39

 []


Underfull \hbox (badness 10000) in paragraph at lines 2--39

 []


Underfull \hbox (badness 10000) in paragraph at lines 2--39

 []


Underfull \vbox (badness 4927) has occurred while \output is active []

 [6

]

introduction.tex:62: LaTeX Error: There's no line here to end.

See the LaTeX manual or LaTeX Companion for explanation.
Type  H <return>  for immediate help.
 ...                                              
                                                  
l.62 ^^I\\
          
Your command was ignored.
Type  I <command> <return>  to replace it with another command,
or  <return>  to continue without it.


introduction.tex:63: LaTeX Error: There's no line here to end.

See the LaTeX manual or LaTeX Companion for explanation.
Type  H <return>  for immediate help.
 ...                                              
                                                  
l.63 ^^IH
         ere is the exciting part: All placement decisions should be made ba...

Your command was ignored.
Type  I <command> <return>  to replace it with another command,
or  <return>  to continue without it.


Underfull \hbox (badness 10000) in paragraph at lines 63--74

 []


Underfull \hbox (badness 10000) in paragraph at lines 78--106

 []


Underfull \hbox (badness 10000) in paragraph at lines 78--106

 []


Underfull \hbox (badness 10000) in paragraph at lines 78--106

 []

[7]
<images/DSS.png, id=388, 673.51625pt x 878.28125pt>
File: images/DSS.png Graphic file (type png)
<use images/DSS.png>
Package pdftex.def Info: images/DSS.png  used on input line 109.
(pdftex.def)             Requested size: 412.56496pt x 538.00224pt.


LaTeX Warning: Float too large for page by 36.97047pt on input line 112.

) (related_work.tex [8] [9
pdfTeX warning (ext4): destination with the same identifier (name{figure.1.1}) 
has been already used, duplicate ignored
<argument> ...shipout:D \box_use:N \l_shipout_box 
                                                  \__shipout_drop_firstpage_...
l.1 \chapter
            {Literature Review / Related Works}%    \chapter{}  = level 1, t...
 <./images/DSS.png>]
Chapter 2.

Underfull \hbox (badness 10000) in paragraph at lines 2--55

 []


Underfull \hbox (badness 10000) in paragraph at lines 2--55

 []


Underfull \hbox (badness 10000) in paragraph at lines 2--55

 []


Underfull \hbox (badness 10000) in paragraph at lines 2--55

 []


Underfull \hbox (badness 10000) in paragraph at lines 2--55

 []


Underfull \hbox (badness 10000) in paragraph at lines 2--55

 []


Underfull \hbox (badness 10000) in paragraph at lines 2--55

 []


Underfull \vbox (badness 4927) has occurred while \output is active []

 [10

]
related_work.tex:59: Undefined control sequence.
l.59 ^^I^^I^^I\toprule
                      
The control sequence at the end of the top line
of your error message was never \def'ed. If you have
misspelled it (e.g., `\hobx'), type `I' and the correct
spelling (e.g., `I\hbox'). Otherwise just continue,
and I'll forget about whatever was undefined.

related_work.tex:64: Undefined control sequence.
<recently read> \midrule 
                         
l.64 ^^I^^I^^I\midrule
                      
The control sequence at the end of the top line
of your error message was never \def'ed. If you have
misspelled it (e.g., `\hobx'), type `I' and the correct
spelling (e.g., `I\hbox'). Otherwise just continue,
and I'll forget about whatever was undefined.

LaTeX Font Info:    Trying to load font information for TS1+ptm on input line 9
8.

(/Users/fabgarsan/Library/Application Support/MiKTeX/texmfs/install/tex/latex/p
snfss/ts1ptm.fd
File: ts1ptm.fd 2001/06/04 font definitions for TS1/ptm.
)
related_work.tex:104: Undefined control sequence.
<recently read> \bottomrule 
                            
l.104 ^^I^^I^^I\bottomrule
                          
The control sequence at the end of the top line
of your error message was never \def'ed. If you have
misspelled it (e.g., `\hobx'), type `I' and the correct
spelling (e.g., `I\hbox'). Otherwise just continue,
and I'll forget about whatever was undefined.

) (dataset.tex [11
pdfTeX warning (ext4): destination with the same identifier (name{table.2.1}) h
as been already used, duplicate ignored
<argument> ...shipout:D \box_use:N \l_shipout_box 
                                                  \__shipout_drop_firstpage_...
l.1 \chapter
            {Dataset}%    \chapter{}  = level 1, top level]
Chapter 3.

Underfull \vbox (badness 1303) has occurred while \output is active []

 [12


pdfTeX warning (ext4): destination with the same identifier (name{table.3.1}) h
as been already used, duplicate ignored
<argument> ...shipout:D \box_use:N \l_shipout_box 
                                                  \__shipout_drop_firstpage_...
l.62 
     ]
Underfull \vbox (badness 10000) has occurred while \output is active []

 [13
pdfTeX warning (ext4): destination with the same identifier (name{table.3.2}) h
as been already used, duplicate ignored
<argument> ...shipout:D \box_use:N \l_shipout_box 
                                                  \__shipout_drop_firstpage_...
l.137 
      
pdfTeX warning (ext4): destination with the same identifier (name{table.3.3}) h
as been already used, duplicate ignored
<argument> ...shipout:D \box_use:N \l_shipout_box 
                                                  \__shipout_drop_firstpage_...
l.137 
      
pdfTeX warning (ext4): destination with the same identifier (name{table.3.4}) h
as been already used, duplicate ignored
<argument> ...shipout:D \box_use:N \l_shipout_box 
                                                  \__shipout_drop_firstpage_...
l.137 
      ]
dataset.tex:178: Missing $ inserted.
<inserted text> 
                $
l.178 ...counts, weight measurements (goods\_an\d_
                                                  ctr\_wt\_kg), and movement...
I've inserted a begin-math/end-math symbol since I think
you left one out. Proceed, with fingers crossed.

dataset.tex:178: Missing { inserted.
<to be read again> 
                   \endtemplate 
l.178 ...counts, weight measurements (goods\_an\d_
                                                  ctr\_wt\_kg), and movement...
A left brace was mandatory here, so I've put one in.
You might want to delete and/or insert some corrections
so that I will find a matching right brace soon.
(If you're confused by all this, try typing `I}' now.)

dataset.tex:178: Missing $ inserted.
<inserted text> 
                $
l.178 ...counts, weight measurements (goods\_an\d_
                                                  ctr\_wt\_kg), and movement...
I've inserted a begin-math/end-math symbol since I think
you left one out. Proceed, with fingers crossed.

dataset.tex:178: Missing } inserted.
<inserted text> 
                }
l.178 ...counts, weight measurements (goods\_an\d_
                                                  ctr\_wt\_kg), and movement...
I've inserted something that you may have forgotten.
(See the <inserted text> above.)
With luck, this will get me unwedged. But if you
really didn't forget anything, try typing `2' now; then
my insertion and my current dilemma will both disappear.


Overfull \hbox (8.67917pt too wide) in paragraph at lines 189--189
[]\OT1/ptm/m/n/10.95 goods[]and[]ctr[]wt[]kg| 
 []

[14
pdfTeX warning (ext4): destination with the same identifier (name{table.3.5}) h
as been already used, duplicate ignored
<argument> ...shipout:D \box_use:N \l_shipout_box 
                                                  \__shipout_drop_firstpage_...
l.207 
      
pdfTeX warning (ext4): destination with the same identifier (name{table.3.6}) h
as been already used, duplicate ignored
<argument> ...shipout:D \box_use:N \l_shipout_box 
                                                  \__shipout_drop_firstpage_...
l.207 
      
pdfTeX warning (ext4): destination with the same identifier (name{table.3.7}) h
as been already used, duplicate ignored
<argument> ...shipout:D \box_use:N \l_shipout_box 
                                                  \__shipout_drop_firstpage_...
l.207 
      ]
Underfull \hbox (badness 10000) in paragraph at lines 258--270

 []


Underfull \hbox (badness 10000) in paragraph at lines 258--270

 []

[15
pdfTeX warning (ext4): destination with the same identifier (name{table.3.8}) h
as been already used, duplicate ignored
<argument> ...shipout:D \box_use:N \l_shipout_box 
                                                  \__shipout_drop_firstpage_...
l.270 
      ]
dataset.tex:284: Undefined control sequence.
l.284 ... handling of large datasets. RStudio\^^e2
                                                  ^^80^^99s interactive envi...
The control sequence at the end of the top line
of your error message was never \def'ed. If you have
misspelled it (e.g., `\hobx'), type `I' and the correct
spelling (e.g., `I\hbox'). Otherwise just continue,
and I'll forget about whatever was undefined.


dataset.tex:284: LaTeX Error: Invalid UTF-8 byte "80.

See the LaTeX manual or LaTeX Companion for explanation.
Type  H <return>  for immediate help.
 ...                                              
                                                  
l.284 ...dling of large datasets. RStudio\^^e2^^80
                                                  ^^99s interactive environm...

The document does not appear to be in UTF-8 encoding.
Try adding \UseRawInputEncoding as the first line of the file
or specify an encoding such as \usepackage [latin1]{inputenc}
in the document preamble.
Alternatively, save the file in UTF-8 using your editor or another tool


dataset.tex:284: LaTeX Error: Invalid UTF-8 byte "99.

See the LaTeX manual or LaTeX Companion for explanation.
Type  H <return>  for immediate help.
 ...                                              
                                                  
l.284 ...g of large datasets. RStudio\^^e2^^80^^99
                                                  s interactive environment ...

The document does not appear to be in UTF-8 encoding.
Try adding \UseRawInputEncoding as the first line of the file
or specify an encoding such as \usepackage [latin1]{inputenc}
in the document preamble.
Alternatively, save the file in UTF-8 using your editor or another tool

dataset.tex:285: Undefined control sequence.
l.285 ... try different approaches rapidly. R\^^e2
                                                  ^^80^^99s built-in statist...
The control sequence at the end of the top line
of your error message was never \def'ed. If you have
misspelled it (e.g., `\hobx'), type `I' and the correct
spelling (e.g., `I\hbox'). Otherwise just continue,
and I'll forget about whatever was undefined.


dataset.tex:285: LaTeX Error: Invalid UTF-8 byte "80.

See the LaTeX manual or LaTeX Companion for explanation.
Type  H <return>  for immediate help.
 ...                                              
                                                  
l.285 ... different approaches rapidly. R\^^e2^^80
                                                  ^^99s built-in statistical...

The document does not appear to be in UTF-8 encoding.
Try adding \UseRawInputEncoding as the first line of the file
or specify an encoding such as \usepackage [latin1]{inputenc}
in the document preamble.
Alternatively, save the file in UTF-8 using your editor or another tool


dataset.tex:285: LaTeX Error: Invalid UTF-8 byte "99.

See the LaTeX manual or LaTeX Companion for explanation.
Type  H <return>  for immediate help.
 ...                                              
                                                  
l.285 ...ferent approaches rapidly. R\^^e2^^80^^99
                                                  s built-in statistical fun...

The document does not appear to be in UTF-8 encoding.
Try adding \UseRawInputEncoding as the first line of the file
or specify an encoding such as \usepackage [latin1]{inputenc}
in the document preamble.
Alternatively, save the file in UTF-8 using your editor or another tool

dataset.tex:295: Undefined control sequence.
l.295 ^^I^^I^^IR\^^e2
                     ^^80^^99s built-in solid statistical analysis tools del...
The control sequence at the end of the top line
of your error message was never \def'ed. If you have
misspelled it (e.g., `\hobx'), type `I' and the correct
spelling (e.g., `I\hbox'). Otherwise just continue,
and I'll forget about whatever was undefined.


dataset.tex:295: LaTeX Error: Invalid UTF-8 byte "80.

See the LaTeX manual or LaTeX Companion for explanation.
Type  H <return>  for immediate help.
 ...                                              
                                                  
l.295 ^^I^^I^^IR\^^e2^^80
                         ^^99s built-in solid statistical analysis tools del...

The document does not appear to be in UTF-8 encoding.
Try adding \UseRawInputEncoding as the first line of the file
or specify an encoding such as \usepackage [latin1]{inputenc}
in the document preamble.
Alternatively, save the file in UTF-8 using your editor or another tool


dataset.tex:295: LaTeX Error: Invalid UTF-8 byte "99.

See the LaTeX manual or LaTeX Companion for explanation.
Type  H <return>  for immediate help.
 ...                                              
                                                  
l.295 ^^I^^I^^IR\^^e2^^80^^99
                             s built-in solid statistical analysis tools del...

The document does not appear to be in UTF-8 encoding.
Try adding \UseRawInputEncoding as the first line of the file
or specify an encoding such as \usepackage [latin1]{inputenc}
in the document preamble.
Alternatively, save the file in UTF-8 using your editor or another tool


Underfull \hbox (badness 10000) in paragraph at lines 282--301

 []


Underfull \hbox (badness 10000) in paragraph at lines 282--301

 []


Underfull \hbox (badness 10000) in paragraph at lines 282--301

 []

[16]
<images/du_zero_one.png, id=525, 1806.75pt x 1204.5pt>
File: images/du_zero_one.png Graphic file (type png)
<use images/du_zero_one.png>
Package pdftex.def Info: images/du_zero_one.png  used on input line 314.
(pdftex.def)             Requested size: 206.28247pt x 137.51292pt.
<images/du_zero_two.png, id=526, 1806.75pt x 1204.5pt>
File: images/du_zero_two.png Graphic file (type png)
<use images/du_zero_two.png>
Package pdftex.def Info: images/du_zero_two.png  used on input line 321.
(pdftex.def)             Requested size: 206.28247pt x 137.51292pt.
<images/du_seven.png, id=529, 1806.75pt x 1204.5pt>
File: images/du_seven.png Graphic file (type png)
<use images/du_seven.png>
Package pdftex.def Info: images/du_seven.png  used on input line 348.
(pdftex.def)             Requested size: 330.05322pt x 220.03537pt.
<images/du_four.png, id=531, 1806.75pt x 1204.5pt>
File: images/du_four.png Graphic file (type png)
<use images/du_four.png>
Package pdftex.def Info: images/du_four.png  used on input line 369.
(pdftex.def)             Requested size: 206.28247pt x 137.51292pt.

Underfull \hbox (badness 10000) in paragraph at lines 327--373

 []


Underfull \hbox (badness 10000) in paragraph at lines 327--373

 []


Underfull \hbox (badness 10000) in paragraph at lines 327--373

 []


Underfull \hbox (badness 10000) in paragraph at lines 327--373

 []

[17
pdfTeX warning (ext4): destination with the same identifier (name{figure.3.1}) 
has been already used, duplicate ignored
<argument> ...shipout:D \box_use:N \l_shipout_box 
                                                  \__shipout_drop_firstpage_...
l.373 
      
pdfTeX warning (ext4): destination with the same identifier (name{figure.3.2}) 
has been already used, duplicate ignored
<argument> ...shipout:D \box_use:N \l_shipout_box 
                                                  \__shipout_drop_firstpage_...
l.373 
       <./images/du_zero_one.png> <./images/du_zero_two.png>]
<images/du_three.png, id=541, 1806.75pt x 1204.5pt>
File: images/du_three.png Graphic file (type png)
<use images/du_three.png>
Package pdftex.def Info: images/du_three.png  used on input line 378.
(pdftex.def)             Requested size: 206.28247pt x 137.51292pt.
<images/du_two.png, id=542, 1806.75pt x 1204.5pt>
File: images/du_two.png Graphic file (type png)
<use images/du_two.png>
Package pdftex.def Info: images/du_two.png  used on input line 385.
(pdftex.def)             Requested size: 206.28247pt x 137.51292pt.
<images/du_five.png, id=550, 1806.75pt x 1204.5pt>
File: images/du_five.png Graphic file (type png)
<use images/du_five.png>
Package pdftex.def Info: images/du_five.png  used on input line 415.
(pdftex.def)             Requested size: 206.28247pt x 137.51292pt.
<images/du_one.png, id=551, 1806.75pt x 1204.5pt>
File: images/du_one.png Graphic file (type png)
<use images/du_one.png>
Package pdftex.def Info: images/du_one.png  used on input line 423.
(pdftex.def)             Requested size: 206.28247pt x 137.51292pt.
<images/du_six.png, id=552, 1806.75pt x 1204.5pt>
File: images/du_six.png Graphic file (type png)
<use images/du_six.png>
Package pdftex.def Info: images/du_six.png  used on input line 430.
(pdftex.def)             Requested size: 206.28247pt x 137.51292pt.
)
Underfull \hbox (badness 10000) in paragraph at lines 391--86

 []


Underfull \hbox (badness 10000) in paragraph at lines 391--86

 []

[18
pdfTeX warning (ext4): destination with the same identifier (name{figure.3.3}) 
has been already used, duplicate ignored
<argument> ...shipout:D \box_use:N \l_shipout_box 
                                                  \__shipout_drop_firstpage_...
l.86 
      <./images/du_seven.png>] [19
pdfTeX warning (ext4): destination with the same identifier (name{figure.3.4}) 
has been already used, duplicate ignored
<argument> ...shipout:D \box_use:N \l_shipout_box 
                                                  \__shipout_drop_firstpage_...
l.86 
     
pdfTeX warning (ext4): destination with the same identifier (name{figure.3.5}) 
has been already used, duplicate ignored
<argument> ...shipout:D \box_use:N \l_shipout_box 
                                                  \__shipout_drop_firstpage_...
l.86 
     
pdfTeX warning (ext4): destination with the same identifier (name{figure.3.6}) 
has been already used, duplicate ignored
<argument> ...shipout:D \box_use:N \l_shipout_box 
                                                  \__shipout_drop_firstpage_...
l.86 
      <./images/du_four.png> <./images/du_three.png> <./images/du_two.png>]
[20
pdfTeX warning (ext4): destination with the same identifier (name{figure.3.7}) 
has been already used, duplicate ignored
<argument> ...shipout:D \box_use:N \l_shipout_box 
                                                  \__shipout_drop_firstpage_...
l.86 
     
pdfTeX warning (ext4): destination with the same identifier (name{figure.3.8}) 
has been already used, duplicate ignored
<argument> ...shipout:D \box_use:N \l_shipout_box 
                                                  \__shipout_drop_firstpage_...
l.86 
     
pdfTeX warning (ext4): destination with the same identifier (name{figure.3.9}) 
has been already used, duplicate ignored
<argument> ...shipout:D \box_use:N \l_shipout_box 
                                                  \__shipout_drop_firstpage_...
l.86 
      <./images/du_five.png> <./images/du_one.png> <./images/du_six.png>]
(methodology.tex [21]
Chapter 4.

Underfull \hbox (badness 10000) in paragraph at lines 5--22

 []


Underfull \hbox (badness 10000) in paragraph at lines 5--22

 []


Underfull \hbox (badness 10000) in paragraph at lines 5--22

 []

methodology.tex:40: Undefined control sequence.
<recently read> \multirow 
                          
l.40 ^^I^^I^^I^^I\multirow
                          {2023}          & 80\%                & Training S...
The control sequence at the end of the top line
of your error message was never \def'ed. If you have
misspelled it (e.g., `\hobx'), type `I' and the correct
spelling (e.g., `I\hbox'). Otherwise just continue,
and I'll forget about whatever was undefined.

[22

]
Underfull \hbox (badness 10000) in paragraph at lines 58--77

 []


Underfull \hbox (badness 10000) in paragraph at lines 58--77

 []


Underfull \hbox (badness 10000) in paragraph at lines 58--77

 []

[23
pdfTeX warning (ext4): destination with the same identifier (name{table.4.1}) h
as been already used, duplicate ignored
<argument> ...shipout:D \box_use:N \l_shipout_box 
                                                  \__shipout_drop_firstpage_...
l.122 ^^I^^I\end{table}
                       ]
Underfull \hbox (badness 10000) in paragraph at lines 224--237

 []

[24
pdfTeX warning (ext4): destination with the same identifier (name{table.4.2}) h
as been already used, duplicate ignored
<argument> ...shipout:D \box_use:N \l_shipout_box 
                                                  \__shipout_drop_firstpage_...
l.237 
      
pdfTeX warning (ext4): destination with the same identifier (name{table.4.3}) h
as been already used, duplicate ignored
<argument> ...shipout:D \box_use:N \l_shipout_box 
                                                  \__shipout_drop_firstpage_...
l.237 
      ]
<images/ClassRangesDistribution.png, id=615, 633.8079pt x 395.3169pt>
File: images/ClassRangesDistribution.png Graphic file (type png)
<use images/ClassRangesDistribution.png>
Package pdftex.def Info: images/ClassRangesDistribution.png  used on input line
 240.
(pdftex.def)             Requested size: 206.28247pt x 128.66345pt.
 [25
pdfTeX warning (ext4): destination with the same identifier (name{table.4.4}) h
as been already used, duplicate ignored
<argument> ...shipout:D \box_use:N \l_shipout_box 
                                                  \__shipout_drop_firstpage_...
l.245 ^^I^^I\subsection
                       {Class Imbalance Analysis}
pdfTeX warning (ext4): destination with the same identifier (name{figure.4.1}) 
has been already used, duplicate ignored
<argument> ...shipout:D \box_use:N \l_shipout_box 
                                                  \__shipout_drop_firstpage_...
l.245 ^^I^^I\subsection
                       {Class Imbalance Analysis} <./images/ClassRangesDistribu
tion.png>]
Underfull \hbox (badness 10000) in paragraph at lines 257--276

 []

[26
pdfTeX warning (ext4): destination with the same identifier (name{table.4.5}) h
as been already used, duplicate ignored
<argument> ...shipout:D \box_use:N \l_shipout_box 
                                                  \__shipout_drop_firstpage_...
l.276 
      ]
Underfull \hbox (badness 10000) in paragraph at lines 278--286

 []


Underfull \hbox (badness 10000) in paragraph at lines 297--309

 []


Underfull \hbox (badness 10000) in paragraph at lines 297--309

 []

[27]
Overfull \hbox (0.25676pt too wide) in paragraph at lines 332--357
\OT1/ptm/m/n/10.95 The best pa-ram-e-ters were se-lected based on the weighted 
F1 score as shown in Ap-pendix  [][]A.1.2[][]. 
 []


Underfull \hbox (badness 10000) in paragraph at lines 332--357

 []


Underfull \hbox (badness 10000) in paragraph at lines 332--357

 []


Underfull \hbox (badness 10000) in paragraph at lines 332--357

 []


Underfull \hbox (badness 10000) in paragraph at lines 332--357

 []

[28]
Underfull \hbox (badness 10000) in paragraph at lines 375--397

 []


Overfull \hbox (0.48676pt too wide) in paragraph at lines 375--397
\OT1/ptm/b/n/10.95 K-Nearest Neigh-bors \OT1/ptm/m/n/10.95 per-formed im-pres-s
ively, tak-ing sec-ond place with an F1-score of 0.8308.
 []


Underfull \hbox (badness 10000) in paragraph at lines 375--397

 []


Underfull \hbox (badness 10000) in paragraph at lines 375--397

 []


Underfull \hbox (badness 10000) in paragraph at lines 408--422

 []


Underfull \hbox (badness 10000) in paragraph at lines 408--422

 []

[29
pdfTeX warning (ext4): destination with the same identifier (name{table.4.6}) h
as been already used, duplicate ignored
<argument> ...shipout:D \box_use:N \l_shipout_box 
                                                  \__shipout_drop_firstpage_...
l.422 
      ]
Underfull \hbox (badness 10000) in paragraph at lines 424--442

 []


Underfull \hbox (badness 10000) in paragraph at lines 424--442

 []


Underfull \hbox (badness 10000) in paragraph at lines 444--457

 []


Underfull \hbox (badness 10000) in paragraph at lines 444--457

 []

[30])
Underfull \hbox (badness 10000) in paragraph at lines 459--88

 []

(results.tex [31]
Chapter 5.

Underfull \hbox (badness 10000) in paragraph at lines 53--71

 []


Overfull \hbox (0.43153pt too wide) in paragraph at lines 53--71
\OT1/ptm/m/n/10.95 The con-sis-tency be-tween ac-cu-racy and F1 scores through-
out the dataset in-di-cates well-balanced
 []

[32


pdfTeX warning (ext4): destination with the same identifier (name{table.5.1}) h
as been already used, duplicate ignored
<argument> ...shipout:D \box_use:N \l_shipout_box 
                                                  \__shipout_drop_firstpage_...
l.71 
     ]
Underfull \hbox (badness 10000) in paragraph at lines 90--121

 []


Underfull \hbox (badness 10000) in paragraph at lines 90--121

 []


Underfull \hbox (badness 10000) in paragraph at lines 90--121

 []


Underfull \hbox (badness 10000) in paragraph at lines 90--121

 []


Underfull \hbox (badness 10000) in paragraph at lines 90--121

 []

[33
pdfTeX warning (ext4): destination with the same identifier (name{table.5.2}) h
as been already used, duplicate ignored
<argument> ...shipout:D \box_use:N \l_shipout_box 
                                                  \__shipout_drop_firstpage_...
l.121 
      ]
Underfull \hbox (badness 10000) in paragraph at lines 159--179

 []

[34
pdfTeX warning (ext4): destination with the same identifier (name{table.5.3}) h
as been already used, duplicate ignored
<argument> ...shipout:D \box_use:N \l_shipout_box 
                                                  \__shipout_drop_firstpage_...
l.180 ^^I^^I\subsection
                       {Class-Specific Performance Analysis}]
Underfull \hbox (badness 10000) in paragraph at lines 198--222

 []


Underfull \hbox (badness 10000) in paragraph at lines 198--222

 []


Underfull \hbox (badness 10000) in paragraph at lines 224--249

 []


Underfull \hbox (badness 10000) in paragraph at lines 224--249

 []

[35
pdfTeX warning (ext4): destination with the same identifier (name{table.5.4}) h
as been already used, duplicate ignored
<argument> ...shipout:D \box_use:N \l_shipout_box 
                                                  \__shipout_drop_firstpage_...
l.249 
      ]
Underfull \hbox (badness 10000) in paragraph at lines 287--304

 []

[36
pdfTeX warning (ext4): destination with the same identifier (name{table.5.5}) h
as been already used, duplicate ignored
<argument> ...shipout:D \box_use:N \l_shipout_box 
                                                  \__shipout_drop_firstpage_...
l.304 
      ]
Underfull \hbox (badness 10000) in paragraph at lines 319--346

 []


Underfull \hbox (badness 10000) in paragraph at lines 319--346

 []

[37
pdfTeX warning (ext4): destination with the same identifier (name{table.5.6}) h
as been already used, duplicate ignored
<argument> ...shipout:D \box_use:N \l_shipout_box 
                                                  \__shipout_drop_firstpage_...
l.346 
      ])
Underfull \hbox (badness 10000) in paragraph at lines 350--90

 []


Underfull \hbox (badness 10000) in paragraph at lines 350--90

 []

(limitations.tex [38]
Chapter 6.
[39

]
Underfull \hbox (badness 10000) in paragraph at lines 44--56

 []

) (conclusion.tex [40]
Chapter 7.
[41

]
Underfull \hbox (badness 10000) in paragraph at lines 63--78

 []

[42]) (appendices.tex [43]
Appendix A.

Overfull \hbox (17.30206pt too wide) in paragraph at lines 12--31
 [][] 
 []


Overfull \hbox (18.63791pt too wide) in paragraph at lines 37--54
 [][] 
 []

[44


pdfTeX warning (ext4): destination with the same identifier (name{table.A.1}) h
as been already used, duplicate ignored
<argument> ...shipout:D \box_use:N \l_shipout_box 
                                                  \__shipout_drop_firstpage_...
l.133 
      
pdfTeX warning (ext4): destination with the same identifier (name{table.A.2}) h
as been already used, duplicate ignored
<argument> ...shipout:D \box_use:N \l_shipout_box 
                                                  \__shipout_drop_firstpage_...
l.133 
      ]
Underfull \vbox (badness 10000) has occurred while \output is active []

 [45
pdfTeX warning (ext4): destination with the same identifier (name{table.A.3}) h
as been already used, duplicate ignored
<argument> ...shipout:D \box_use:N \l_shipout_box 
                                                  \__shipout_drop_firstpage_...
l.133 
      
pdfTeX warning (ext4): destination with the same identifier (name{table.A.4}) h
as been already used, duplicate ignored
<argument> ...shipout:D \box_use:N \l_shipout_box 
                                                  \__shipout_drop_firstpage_...
l.133 
      ]
Underfull \hbox (badness 6412) in paragraph at lines 146--149
[]\OT1/ptm/m/n/10.95 Strongest pos-i-tive cor-re-la-tion, in-di-cat-ing
 []


Underfull \hbox (badness 10000) in paragraph at lines 146--149
\OT1/ptm/m/n/10.95 through con-tain-ers sig-nif-i-cantly pre-dict
 []

) [46
pdfTeX warning (ext4): destination with the same identifier (name{table.A.5}) h
as been already used, duplicate ignored
<argument> ...shipout:D \box_use:N \l_shipout_box 
                                                  \__shipout_drop_firstpage_...
l.98 
     ] [47
pdfTeX warning (ext4): destination with the same identifier (name{table.A.6}) h
as been already used, duplicate ignored
<argument> ...shipout:D \box_use:N \l_shipout_box 
                                                  \__shipout_drop_firstpage_...
l.98 
     ]
LaTeX Font Info:    Trying to load font information for OT1+pcr on input line 9
7.

(/Users/fabgarsan/Library/Application Support/MiKTeX/texmfs/install/tex/latex/p
snfss/ot1pcr.fd
File: ot1pcr.fd 2001/06/04 font definitions for OT1/pcr.
) [48

]
Overfull \hbox (13.57947pt too wide) in paragraph at lines 98--98
\OT1/ptm/m/it/10.95 Trans-porta-tion Re-search Part E: Lo-gis-tics and Trans-po
rta-tion Re-view \OT1/ptm/m/n/10.95 45.5 (2009), pp. 771{
 []

[49]
Overfull \hbox (0.44633pt too wide) in paragraph at lines 98--98
[]\OT1/ptm/m/n/10.95 Andresson da Silva Firmino, Ri-cardo Mar-tins de Abreu Sil
va, and Val[]eria Ces[]ario Times.
 []

[50]
(/Users/fabgarsan/UOA/third_semester/Dissertation/python_modeling/auxil/main.au
x)
 ***********
LaTeX2e <2023-06-01> patch level 1
L3 programming layer <2023-08-29>
 ***********


LaTeX Warning: There were undefined references.

Package rerunfilecheck Info: File `main.out' has not changed.
(rerunfilecheck)             Checksum: 202E5B956CDFA547152D6F865C9AF478;12338.

Package biblatex Warning: Please (re)run Biber on the file:
(biblatex)                main
(biblatex)                and rerun LaTeX afterwards.

Package logreq Info: Writing requests to 'main.run.xml'.
\openout1 = `main.run.xml'.

 ) 
Here is how much of TeX's memory you used:
 17908 strings out of 475248
 318846 string characters out of 5754947
 1947807 words of memory out of 5000000
 38986 multiletter control sequences out of 15000+600000
 594333 words of font info for 107 fonts, out of 8000000 for 9000
 1141 hyphenation exceptions out of 8191
 75i,14n,81p,679b,1450s stack positions out of 10000i,1000n,20000p,200000b,200000s
{/Library/Application Support/MiKTeX/texmfs/install/fonts/enc/dvips/base/8r.e
nc}</Library/Application Support/MiKTeX/texmfs/install/fonts/type1/urw/courier/
ucrr8a.pfb></Library/Application Support/MiKTeX/texmfs/install/fonts/type1/urw/
times/utmb8a.pfb></Library/Application Support/MiKTeX/texmfs/install/fonts/type
1/urw/times/utmr8a.pfb></Library/Application Support/MiKTeX/texmfs/install/font
s/type1/urw/times/utmr8a.pfb></Library/Application Support/MiKTeX/texmfs/instal
l/fonts/type1/urw/times/utmri8a.pfb>
Output written on /Users/fabgarsan/UOA/third_semester/Dissertation/python_model
ing/out/main.pdf (51 pages, 1681937 bytes).
PDF statistics:
 826 PDF objects out of 1000 (max. 8388607)
 197 named destinations out of 1000 (max. 500000)
 589 words of extra memory for PDF output out of 10000 (max. 10000000)

