\BOOKMARK [0][-]{chapter*.1}{\376\377\000A\000b\000s\000t\000r\000a\000c\000t}{}% 1
\BOOKMARK [0][-]{chapter.1}{\376\377\000I\000n\000t\000r\000o\000d\000u\000c\000t\000i\000o\000n}{}% 2
\BOOKMARK [1][-]{section.1.1}{\376\377\000S\000y\000s\000t\000e\000m\000\040\000A\000r\000c\000h\000i\000t\000e\000c\000t\000u\000r\000e\000\040\000a\000n\000d\000\040\000R\000e\000s\000e\000a\000r\000c\000h\000\040\000F\000o\000c\000u\000s}{chapter.1}% 3
\BOOKMARK [0][-]{chapter.2}{\376\377\000L\000i\000t\000e\000r\000a\000t\000u\000r\000e\000\040\000R\000e\000v\000i\000e\000w\000\040\000/\000\040\000R\000e\000l\000a\000t\000e\000d\000\040\000W\000o\000r\000k\000s}{}% 4
\BOOKMARK [0][-]{chapter.3}{\376\377\000D\000a\000t\000a\000s\000e\000t}{}% 5
\BOOKMARK [1][-]{section.3.1}{\376\377\000I\000n\000t\000r\000o\000d\000u\000c\000t\000i\000o\000n\000\040\000t\000o\000\040\000c\000o\000n\000t\000a\000i\000n\000e\000r\000\040\000d\000a\000t\000a\000s\000e\000t}{chapter.3}% 6
\BOOKMARK [1][-]{section.3.2}{\376\377\000D\000a\000t\000a\000\040\000F\000e\000a\000t\000u\000r\000e\000s\000\040\000O\000v\000e\000r\000v\000i\000e\000w}{chapter.3}% 7
\BOOKMARK [1][-]{section.3.3}{\376\377\000D\000a\000t\000a\000\040\000P\000r\000e\000p\000r\000o\000c\000e\000s\000s\000i\000n\000g}{chapter.3}% 8
\BOOKMARK [2][-]{subsection.3.3.1}{\376\377\000D\000a\000t\000a\000\040\000A\000u\000g\000m\000e\000n\000t\000a\000t\000i\000o\000n}{section.3.3}% 9
\BOOKMARK [2][-]{subsection.3.3.2}{\376\377\000D\000a\000t\000a\000\040\000C\000l\000e\000a\000n\000i\000n\000g}{section.3.3}% 10
\BOOKMARK [2][-]{subsection.3.3.3}{\376\377\000D\000a\000t\000a\000\040\000R\000e\000d\000u\000c\000t\000i\000o\000n}{section.3.3}% 11
\BOOKMARK [1][-]{section.3.4}{\376\377\000D\000a\000t\000a\000\040\000a\000n\000a\000l\000y\000s\000i\000s}{chapter.3}% 12
\BOOKMARK [2][-]{subsection.3.4.1}{\376\377\000I\000n\000i\000t\000i\000a\000l\000\040\000E\000x\000p\000l\000o\000r\000a\000t\000o\000r\000y\000\040\000A\000p\000p\000r\000o\000a\000c\000h}{section.3.4}% 13
\BOOKMARK [2][-]{subsection.3.4.2}{\376\377\000T\000o\000o\000l\000\040\000S\000e\000l\000e\000c\000t\000i\000o\000n\000:\000\040\000R}{section.3.4}% 14
\BOOKMARK [2][-]{subsection.3.4.3}{\376\377\000I\000t\000e\000r\000a\000t\000i\000v\000e\000\040\000D\000e\000v\000e\000l\000o\000p\000m\000e\000n\000t\000\040\000P\000r\000o\000c\000e\000s\000s}{section.3.4}% 15
\BOOKMARK [2][-]{subsection.3.4.4}{\376\377\000D\000a\000t\000a\000\040\000E\000x\000p\000l\000o\000r\000a\000t\000i\000o\000n}{section.3.4}% 16
\BOOKMARK [0][-]{chapter.4}{\376\377\000M\000e\000t\000h\000o\000d\000o\000l\000o\000g\000y}{}% 17
\BOOKMARK [1][-]{section.4.1}{\376\377\000P\000r\000o\000b\000l\000e\000m\000\040\000D\000e\000f\000i\000n\000i\000t\000i\000o\000n}{chapter.4}% 18
\BOOKMARK [1][-]{section.4.2}{\376\377\000D\000a\000t\000a\000s\000e\000t\000\040\000S\000t\000r\000a\000t\000e\000g\000y\000\040\000a\000n\000d\000\040\000M\000o\000d\000e\000l\000\040\000E\000v\000a\000l\000u\000a\000t\000i\000o\000n}{chapter.4}% 19
\BOOKMARK [1][-]{section.4.3}{\376\377\000S\000e\000l\000e\000c\000t\000i\000n\000g\000\040\000T\000i\000m\000e\000\040\000R\000a\000n\000g\000e\000\040\000C\000a\000t\000e\000g\000o\000r\000i\000e\000s\000\040\000a\000n\000d\000\040\000C\000l\000a\000s\000s\000i\000f\000i\000e\000r\000s}{chapter.4}% 20
\BOOKMARK [2][-]{subsection.4.3.1}{\376\377\000F\000i\000n\000d\000i\000n\000g\000\040\000R\000a\000n\000g\000e\000s\000\040\000a\000n\000d\000\040\000D\000e\000f\000i\000n\000i\000n\000g\000\040\000d\000a\000t\000a\000\040\000s\000c\000a\000l\000i\000n\000g\000\040\000s\000t\000r\000a\000t\000e\000g\000y}{section.4.3}% 21
\BOOKMARK [2][-]{subsection.4.3.2}{\376\377\000C\000l\000a\000s\000s\000\040\000I\000m\000b\000a\000l\000a\000n\000c\000e\000\040\000A\000n\000a\000l\000y\000s\000i\000s}{section.4.3}% 22
\BOOKMARK [2][-]{subsection.4.3.3}{\376\377\000S\000e\000l\000e\000c\000t\000i\000n\000g\000\040\000t\000h\000e\000\040\000M\000e\000t\000r\000i\000c\000:\000\040\000F\0001\000\040\000S\000c\000o\000r\000e}{section.4.3}% 23
\BOOKMARK [1][-]{section.4.4}{\376\377\000M\000o\000d\000e\000l\000\040\000R\000e\000f\000i\000n\000e\000m\000e\000n\000t\000\040\000a\000n\000d\000\040\000O\000p\000t\000i\000m\000i\000z\000a\000t\000i\000o\000n}{chapter.4}% 24
\BOOKMARK [2][-]{subsection.4.4.1}{\376\377\000T\000h\000e\000\040\000S\000c\000o\000r\000i\000n\000g\000\040\000M\000e\000t\000r\000i\000c\000:\000\040\000W\000e\000i\000g\000h\000t\000e\000d\000\040\000F\0001\000\040\000S\000c\000o\000r\000e}{section.4.4}% 25
\BOOKMARK [2][-]{subsection.4.4.2}{\376\377\000T\000h\000e\000\040\000h\000y\000p\000e\000r\000p\000a\000r\000a\000m\000e\000t\000e\000r\000s}{section.4.4}% 26
\BOOKMARK [2][-]{subsection.4.4.3}{\376\377\000T\000h\000e\000\040\000B\000e\000s\000t\000\040\000P\000a\000r\000a\000m\000e\000t\000e\000r\000s}{section.4.4}% 27
\BOOKMARK [2][-]{subsection.4.4.4}{\376\377\000A\000n\000a\000l\000y\000s\000i\000s\000\040\000o\000f\000\040\000M\000o\000d\000e\000l\000\040\000T\000u\000n\000i\000n\000g\000\040\000R\000e\000s\000u\000l\000t\000s}{section.4.4}% 28
\BOOKMARK [1][-]{section.4.5}{\376\377\000C\000o\000d\000e\000\040\000I\000m\000p\000l\000e\000m\000e\000n\000t\000a\000t\000i\000o\000n\000\040\000D\000e\000t\000a\000i\000l\000s}{chapter.4}% 29
\BOOKMARK [2][-]{subsection.4.5.1}{\376\377\000O\000v\000e\000r\000v\000i\000e\000w}{section.4.5}% 30
\BOOKMARK [2][-]{subsection.4.5.2}{\376\377\000C\000o\000r\000e\000\040\000C\000o\000m\000p\000o\000n\000e\000n\000t\000s}{section.4.5}% 31
\BOOKMARK [2][-]{subsection.4.5.3}{\376\377\000K\000e\000y\000\040\000C\000l\000a\000s\000s\000e\000s}{section.4.5}% 32
\BOOKMARK [2][-]{subsection.4.5.4}{\376\377\000T\000u\000n\000i\000n\000g\000,\000\040\000F\000e\000a\000t\000u\000r\000e\000s\000\040\000a\000n\000d\000\040\000M\000e\000t\000r\000i\000c\000s}{section.4.5}% 33
\BOOKMARK [2][-]{subsection.4.5.5}{\376\377\000T\000e\000c\000h\000n\000i\000c\000a\000l\000\040\000I\000m\000p\000l\000e\000m\000e\000n\000t\000a\000t\000i\000o\000n}{section.4.5}% 34
\BOOKMARK [0][-]{chapter.5}{\376\377\000R\000e\000s\000u\000l\000t\000s\000\040\000a\000n\000d\000\040\000D\000i\000s\000c\000u\000s\000s\000i\000o\000n\000\040\000/\000\040\000M\000o\000d\000e\000l\000\040\000E\000v\000a\000l\000u\000a\000t\000i\000o\000n}{}% 35
\BOOKMARK [1][-]{section.5.1}{\376\377\000C\000o\000m\000p\000a\000r\000a\000t\000i\000v\000e\000\040\000P\000e\000r\000f\000o\000r\000m\000a\000n\000c\000e\000\040\000A\000n\000a\000l\000y\000s\000i\000s\000\040\000o\000f\000\040\000M\000o\000d\000e\000l\000s}{chapter.5}% 36
\BOOKMARK [2][-]{subsection.5.1.1}{\376\377\000T\000e\000m\000p\000o\000r\000a\000l\000\040\000P\000e\000r\000f\000o\000r\000m\000a\000n\000c\000e\000\040\000A\000n\000a\000l\000y\000s\000i\000s}{section.5.1}% 37
\BOOKMARK [2][-]{subsection.5.1.2}{\376\377\000M\000o\000d\000e\000l\000-\000S\000p\000e\000c\000i\000f\000i\000c\000\040\000P\000e\000r\000f\000o\000r\000m\000a\000n\000c\000e}{section.5.1}% 38
\BOOKMARK [1][-]{section.5.2}{\376\377\000L\000o\000g\000i\000s\000t\000i\000c\000\040\000R\000e\000g\000r\000e\000s\000s\000i\000o\000n}{chapter.5}% 39
\BOOKMARK [2][-]{subsection.5.2.1}{\376\377\000M\000o\000d\000e\000l\000\040\000P\000e\000r\000f\000o\000r\000m\000a\000n\000c\000e\000\040\000A\000n\000a\000l\000y\000s\000i\000s}{section.5.2}% 40
\BOOKMARK [2][-]{subsection.5.2.2}{\376\377\000C\000l\000a\000s\000s\000-\000S\000p\000e\000c\000i\000f\000i\000c\000\040\000P\000e\000r\000f\000o\000r\000m\000a\000n\000c\000e\000\040\000A\000n\000a\000l\000y\000s\000i\000s}{section.5.2}% 41
\BOOKMARK [2][-]{subsection.5.2.3}{\376\377\000F\000e\000a\000t\000u\000r\000e\000\040\000I\000m\000p\000o\000r\000t\000a\000n\000c\000e\000\040\000A\000n\000a\000l\000y\000s\000i\000s}{section.5.2}% 42
\BOOKMARK [1][-]{section.5.3}{\376\377\000K\000-\000N\000e\000a\000r\000e\000s\000t\000\040\000N\000e\000i\000g\000h\000b\000o\000r\000s}{chapter.5}% 43
\BOOKMARK [2][-]{subsection.5.3.1}{\376\377\000M\000o\000d\000e\000l\000\040\000P\000e\000r\000f\000o\000r\000m\000a\000n\000c\000e\000\040\000A\000n\000a\000l\000y\000s\000i\000s}{section.5.3}% 44
\BOOKMARK [2][-]{subsection.5.3.2}{\376\377\000C\000l\000a\000s\000s\000-\000S\000p\000e\000c\000i\000f\000i\000c\000\040\000P\000e\000r\000f\000o\000r\000m\000a\000n\000c\000e\000\040\000A\000n\000a\000l\000y\000s\000i\000s}{section.5.3}% 45
\BOOKMARK [1][-]{section.5.4}{\376\377\000M\000o\000d\000e\000l\000\040\000C\000o\000m\000p\000a\000r\000i\000s\000o\000n\000\040\000a\000n\000d\000\040\000I\000n\000t\000e\000g\000r\000a\000t\000i\000o\000n\000\040\000S\000t\000r\000a\000t\000e\000g\000y}{chapter.5}% 46
\BOOKMARK [0][-]{chapter.6}{\376\377\000L\000i\000m\000i\000t\000a\000t\000i\000o\000n\000s}{}% 47
\BOOKMARK [1][-]{section.6.1}{\376\377\000S\000t\000a\000k\000e\000h\000o\000l\000d\000e\000r\000\040\000I\000n\000f\000o\000r\000m\000a\000t\000i\000o\000n\000\040\000L\000i\000m\000i\000t\000a\000t\000i\000o\000n\000s}{chapter.6}% 48
\BOOKMARK [1][-]{section.6.2}{\376\377\000C\000a\000r\000g\000o\000\040\000C\000o\000n\000t\000e\000n\000t\000\040\000I\000n\000f\000o\000r\000m\000a\000t\000i\000o\000n}{chapter.6}% 49
\BOOKMARK [1][-]{section.6.3}{\376\377\000E\000n\000v\000i\000r\000o\000n\000m\000e\000n\000t\000a\000l\000\040\000D\000a\000t\000a\000\040\000I\000n\000t\000e\000g\000r\000a\000t\000i\000o\000n}{chapter.6}% 50
\BOOKMARK [1][-]{section.6.4}{\376\377\000T\000e\000m\000p\000o\000r\000a\000l\000\040\000D\000a\000t\000a\000\040\000C\000o\000n\000s\000t\000r\000a\000i\000n\000t\000s}{chapter.6}% 51
\BOOKMARK [2][-]{subsection.6.4.1}{\376\377\000T\000i\000m\000e\000\040\000S\000e\000r\000i\000e\000s\000\040\000A\000n\000a\000l\000y\000s\000i\000s}{section.6.4}% 52
\BOOKMARK [1][-]{section.6.5}{\376\377\000S\000c\000h\000e\000d\000u\000l\000i\000n\000g\000\040\000I\000n\000f\000o\000r\000m\000a\000t\000i\000o\000n\000\040\000G\000a\000p\000s}{chapter.6}% 53
\BOOKMARK [0][-]{chapter.7}{\376\377\000C\000o\000n\000c\000l\000u\000s\000i\000o\000n}{}% 54
\BOOKMARK [1][-]{section.7.1}{\376\377\000F\000u\000t\000u\000r\000e\000\040\000W\000o\000r\000k}{chapter.7}% 55
\BOOKMARK [2][-]{subsection.7.1.1}{\376\377\000G\000r\000a\000n\000u\000l\000a\000r\000\040\000Y\000a\000r\000d\000-\000L\000e\000v\000e\000l\000\040\000A\000n\000a\000l\000y\000s\000i\000s}{section.7.1}% 56
\BOOKMARK [2][-]{subsection.7.1.2}{\376\377\000E\000x\000t\000e\000n\000d\000e\000d\000\040\000T\000r\000a\000i\000n\000i\000n\000g\000\040\000D\000a\000t\000a\000\040\000I\000m\000p\000l\000e\000m\000e\000n\000t\000a\000t\000i\000o\000n}{section.7.1}% 57
\BOOKMARK [2][-]{subsection.7.1.3}{\376\377\000W\000e\000a\000t\000h\000e\000r\000\040\000D\000a\000t\000a\000\040\000I\000n\000t\000e\000g\000r\000a\000t\000i\000o\000n}{section.7.1}% 58
\BOOKMARK [2][-]{subsection.7.1.4}{\376\377\000M\000o\000d\000e\000l\000\040\000S\000i\000m\000u\000l\000a\000t\000i\000o\000n\000\040\000F\000r\000a\000m\000e\000w\000o\000r\000k}{section.7.1}% 59
\BOOKMARK [2][-]{subsection.7.1.5}{\376\377\000D\000S\000S\000\040\000I\000m\000p\000l\000e\000m\000e\000n\000t\000a\000t\000i\000o\000n}{section.7.1}% 60
\BOOKMARK [2][-]{subsection.7.1.6}{\376\377\000M\000o\000r\000e\000\040\000s\000o\000f\000i\000s\000t\000i\000c\000a\000t\000e\000s\000\040\000c\000l\000a\000s\000s\000i\000f\000i\000e\000r\000s}{section.7.1}% 61
\BOOKMARK [0][-]{appendix.A}{\376\377\000A\000p\000p\000e\000n\000d\000i\000c\000e\000s\000,\000\040\000L\000i\000s\000t\000\040\000o\000f\000\040\000F\000i\000g\000u\000r\000e\000s\000,\000\040\000L\000i\000s\000t\000\040\000o\000f\000\040\000T\000a\000b\000l\000e\000s}{}% 62
\BOOKMARK [1][-]{section.A.1}{\376\377\000M\000o\000d\000e\000l\000\040\000O\000p\000t\000i\000m\000i\000z\000a\000t\000i\000o\000n}{appendix.A}% 63
\BOOKMARK [2][-]{subsection.A.1.1}{\376\377\000H\000y\000p\000e\000r\000p\000a\000r\000a\000m\000e\000t\000e\000r\000\040\000T\000u\000n\000i\000n\000g}{section.A.1}% 64
\BOOKMARK [2][-]{subsection.A.1.2}{\376\377\000B\000e\000s\000t\000\040\000P\000a\000r\000a\000m\000e\000t\000e\000r\000s}{section.A.1}% 65
\BOOKMARK [1][-]{section.A.2}{\376\377\000F\000e\000a\000t\000u\000r\000e\000\040\000I\000m\000p\000o\000r\000t\000a\000n\000c\000e\000\040\000A\000n\000a\000l\000y\000s\000i\000s}{appendix.A}% 66
